2023-Feb-03 08:54:00 [restartedMain] INFO  c.P.M.PracticeManagementApplication                - Starting PracticeManagementApplication using Java 17.0.5 with PID 11784 (C:\Users\Minht\git\PracticeManagement-\PracticeManagement\target\classes started by Minht in C:\Users\Minht\git\PracticeManagement-\PracticeManagement)
2023-Feb-03 08:54:00 [restartedMain] INFO  c.P.M.PracticeManagementApplication                - No active profile set, falling back to 1 default profile: "default"
2023-Feb-03 08:54:00 [restartedMain] INFO  o.s.d.r.c.RepositoryConfigurationDelegate          - Multiple Spring Data modules found, entering strict repository configuration mode
2023-Feb-03 08:54:00 [restartedMain] INFO  o.s.d.r.c.RepositoryConfigurationDelegate          - Bootstrapping Spring Data JDBC repositories in DEFAULT mode.
2023-Feb-03 08:54:00 [restartedMain] INFO  o.s.d.r.c.RepositoryConfigurationDelegate          - Finished Spring Data repository scanning in 12 ms. Found 0 JDBC repository interfaces.
2023-Feb-03 08:54:00 [restartedMain] INFO  o.s.d.r.c.RepositoryConfigurationDelegate          - Multiple Spring Data modules found, entering strict repository configuration mode
2023-Feb-03 08:54:00 [restartedMain] INFO  o.s.d.r.c.RepositoryConfigurationDelegate          - Bootstrapping Spring Data JPA repositories in DEFAULT mode.
2023-Feb-03 08:54:00 [restartedMain] INFO  o.s.d.r.c.RepositoryConfigurationDelegate          - Finished Spring Data repository scanning in 3 ms. Found 0 JPA repository interfaces.
2023-Feb-03 08:54:00 [restartedMain] INFO  o.s.b.w.e.t.TomcatWebServer                        - Tomcat initialized with port(s): 8080 (http)
2023-Feb-03 08:54:00 [restartedMain] INFO  o.a.c.h.Http11NioProtocol                          - Initializing ProtocolHandler ["http-nio-8080"]
2023-Feb-03 08:54:00 [restartedMain] INFO  o.a.c.c.StandardService                            - Starting service [Tomcat]
2023-Feb-03 08:54:00 [restartedMain] INFO  o.a.c.c.StandardEngine                             - Starting Servlet engine: [Apache Tomcat/10.1.4]
2023-Feb-03 08:54:00 [restartedMain] INFO  o.a.c.c.C.[.[.[/]                                  - Initializing Spring embedded WebApplicationContext
2023-Feb-03 08:54:00 [restartedMain] INFO  o.s.b.w.s.c.ServletWebServerApplicationContext     - Root WebApplicationContext: initialization completed in 373 ms
2023-Feb-03 08:54:00 [restartedMain] INFO  c.z.h.HikariDataSource                             - HikariPool-3 - Starting...
2023-Feb-03 08:54:00 [restartedMain] INFO  c.z.h.p.HikariPool                                 - HikariPool-3 - Added connection org.postgresql.jdbc.PgConnection@27f36ad3
2023-Feb-03 08:54:00 [restartedMain] INFO  c.z.h.HikariDataSource                             - HikariPool-3 - Start completed.
2023-Feb-03 08:54:00 [restartedMain] INFO  o.h.j.i.u.LogHelper                                - HHH000204: Processing PersistenceUnitInfo [name: default]
2023-Feb-03 08:54:00 [restartedMain] WARN  o.h.o.deprecation                                  - HHH90000021: Encountered deprecated setting [javax.persistence.sharedCache.mode], use [jakarta.persistence.sharedCache.mode] instead
2023-Feb-03 08:54:00 [restartedMain] INFO  SQL dialect                                        - HHH000400: Using dialect: org.hibernate.dialect.PostgreSQLDialect
2023-Feb-03 08:54:00 [restartedMain] INFO  o.h.e.t.j.p.i.JtaPlatformInitiator                 - HHH000490: Using JtaPlatform implementation: [org.hibernate.engine.transaction.jta.platform.internal.NoJtaPlatform]
2023-Feb-03 08:54:00 [restartedMain] INFO  o.s.o.j.LocalContainerEntityManagerFactoryBean     - Initialized JPA EntityManagerFactory for persistence unit 'default'
2023-Feb-03 08:54:01 [restartedMain] WARN  o.s.b.a.o.j.JpaBaseConfiguration$JpaWebConfiguration - spring.jpa.open-in-view is enabled by default. Therefore, database queries may be performed during view rendering. Explicitly configure spring.jpa.open-in-view to disable this warning
2023-Feb-03 08:54:01 [restartedMain] INFO  o.s.b.d.a.OptionalLiveReloadServer                 - LiveReload server is running on port 35729
2023-Feb-03 08:54:01 [restartedMain] INFO  o.a.c.h.Http11NioProtocol                          - Starting ProtocolHandler ["http-nio-8080"]
2023-Feb-03 08:54:01 [restartedMain] INFO  o.s.b.w.e.t.TomcatWebServer                        - Tomcat started on port(s): 8080 (http) with context path ''
2023-Feb-03 08:54:01 [restartedMain] INFO  c.P.M.PracticeManagementApplication                - Started PracticeManagementApplication in 0.89 seconds (process running for 359.098)
2023-Feb-03 08:54:01 [restartedMain] INFO  o.s.b.d.a.ConditionEvaluationDeltaLoggingListener  - Condition evaluation unchanged
2023-Feb-03 08:54:13 [http-nio-8080-exec-2] INFO  o.a.c.c.C.[.[.[/]                                  - Initializing Spring DispatcherServlet 'dispatcherServlet'
2023-Feb-03 08:54:13 [http-nio-8080-exec-2] INFO  o.s.w.s.DispatcherServlet                          - Initializing Servlet 'dispatcherServlet'
2023-Feb-03 08:54:13 [http-nio-8080-exec-2] INFO  o.s.w.s.DispatcherServlet                          - Completed initialization in 1 ms
2023-Feb-03 08:54:13 [http-nio-8080-exec-2] INFO  c.P.M.c.DoctorController                           - for informational purpose
2023-Feb-03 08:56:23 [File Watcher] INFO  o.s.b.d.a.LocalDevToolsAutoConfiguration$RestartingClassPathChangeChangedEventListener - Restarting due to 1 class path change (0 additions, 0 deletions, 1 modification)
2023-Feb-03 08:56:23 [Thread-11] INFO  o.a.c.h.Http11NioProtocol                          - Pausing ProtocolHandler ["http-nio-8080"]
2023-Feb-03 08:56:23 [Thread-11] INFO  o.a.c.c.StandardService                            - Stopping service [Tomcat]
2023-Feb-03 08:56:23 [Thread-11] INFO  o.a.c.c.C.[.[.[/]                                  - Destroying Spring FrameworkServlet 'dispatcherServlet'
2023-Feb-03 08:56:23 [Thread-11] INFO  o.a.c.h.Http11NioProtocol                          - Stopping ProtocolHandler ["http-nio-8080"]
2023-Feb-03 08:56:23 [Thread-11] INFO  o.a.c.h.Http11NioProtocol                          - Destroying ProtocolHandler ["http-nio-8080"]
2023-Feb-03 08:56:23 [Thread-11] INFO  o.s.o.j.LocalContainerEntityManagerFactoryBean     - Closing JPA EntityManagerFactory for persistence unit 'default'
2023-Feb-03 08:56:23 [Thread-11] INFO  c.z.h.HikariDataSource                             - HikariPool-3 - Shutdown initiated...
2023-Feb-03 08:56:23 [Thread-11] INFO  c.z.h.HikariDataSource                             - HikariPool-3 - Shutdown completed.
2023-Feb-03 08:56:23 [restartedMain] INFO  c.P.M.PracticeManagementApplication                - Starting PracticeManagementApplication using Java 17.0.5 with PID 11784 (C:\Users\Minht\git\PracticeManagement-\PracticeManagement\target\classes started by Minht in C:\Users\Minht\git\PracticeManagement-\PracticeManagement)
2023-Feb-03 08:56:23 [restartedMain] INFO  c.P.M.PracticeManagementApplication                - No active profile set, falling back to 1 default profile: "default"
2023-Feb-03 08:56:24 [restartedMain] INFO  o.s.d.r.c.RepositoryConfigurationDelegate          - Multiple Spring Data modules found, entering strict repository configuration mode
2023-Feb-03 08:56:24 [restartedMain] INFO  o.s.d.r.c.RepositoryConfigurationDelegate          - Bootstrapping Spring Data JDBC repositories in DEFAULT mode.
2023-Feb-03 08:56:24 [restartedMain] INFO  o.s.d.r.c.RepositoryConfigurationDelegate          - Finished Spring Data repository scanning in 12 ms. Found 0 JDBC repository interfaces.
2023-Feb-03 08:56:24 [restartedMain] INFO  o.s.d.r.c.RepositoryConfigurationDelegate          - Multiple Spring Data modules found, entering strict repository configuration mode
2023-Feb-03 08:56:24 [restartedMain] INFO  o.s.d.r.c.RepositoryConfigurationDelegate          - Bootstrapping Spring Data JPA repositories in DEFAULT mode.
2023-Feb-03 08:56:24 [restartedMain] INFO  o.s.d.r.c.RepositoryConfigurationDelegate          - Finished Spring Data repository scanning in 4 ms. Found 0 JPA repository interfaces.
2023-Feb-03 08:56:24 [restartedMain] INFO  o.s.b.w.e.t.TomcatWebServer                        - Tomcat initialized with port(s): 8080 (http)
2023-Feb-03 08:56:24 [restartedMain] INFO  o.a.c.h.Http11NioProtocol                          - Initializing ProtocolHandler ["http-nio-8080"]
2023-Feb-03 08:56:24 [restartedMain] INFO  o.a.c.c.StandardService                            - Starting service [Tomcat]
2023-Feb-03 08:56:24 [restartedMain] INFO  o.a.c.c.StandardEngine                             - Starting Servlet engine: [Apache Tomcat/10.1.4]
2023-Feb-03 08:56:24 [restartedMain] INFO  o.a.c.c.C.[.[.[/]                                  - Initializing Spring embedded WebApplicationContext
2023-Feb-03 08:56:24 [restartedMain] INFO  o.s.b.w.s.c.ServletWebServerApplicationContext     - Root WebApplicationContext: initialization completed in 388 ms
2023-Feb-03 08:56:24 [restartedMain] INFO  c.z.h.HikariDataSource                             - HikariPool-4 - Starting...
2023-Feb-03 08:56:24 [restartedMain] INFO  c.z.h.p.HikariPool                                 - HikariPool-4 - Added connection org.postgresql.jdbc.PgConnection@19fb4f59
2023-Feb-03 08:56:24 [restartedMain] INFO  c.z.h.HikariDataSource                             - HikariPool-4 - Start completed.
2023-Feb-03 08:56:24 [restartedMain] INFO  o.h.j.i.u.LogHelper                                - HHH000204: Processing PersistenceUnitInfo [name: default]
2023-Feb-03 08:56:24 [restartedMain] WARN  o.h.o.deprecation                                  - HHH90000021: Encountered deprecated setting [javax.persistence.sharedCache.mode], use [jakarta.persistence.sharedCache.mode] instead
2023-Feb-03 08:56:24 [restartedMain] INFO  SQL dialect                                        - HHH000400: Using dialect: org.hibernate.dialect.PostgreSQLDialect
2023-Feb-03 08:56:24 [restartedMain] INFO  o.h.e.t.j.p.i.JtaPlatformInitiator                 - HHH000490: Using JtaPlatform implementation: [org.hibernate.engine.transaction.jta.platform.internal.NoJtaPlatform]
2023-Feb-03 08:56:24 [restartedMain] INFO  o.s.o.j.LocalContainerEntityManagerFactoryBean     - Initialized JPA EntityManagerFactory for persistence unit 'default'
2023-Feb-03 08:56:24 [restartedMain] WARN  o.s.b.a.o.j.JpaBaseConfiguration$JpaWebConfiguration - spring.jpa.open-in-view is enabled by default. Therefore, database queries may be performed during view rendering. Explicitly configure spring.jpa.open-in-view to disable this warning
2023-Feb-03 08:56:24 [restartedMain] INFO  o.s.b.d.a.OptionalLiveReloadServer                 - LiveReload server is running on port 35729
2023-Feb-03 08:56:24 [restartedMain] INFO  o.a.c.h.Http11NioProtocol                          - Starting ProtocolHandler ["http-nio-8080"]
2023-Feb-03 08:56:24 [restartedMain] INFO  o.s.b.w.e.t.TomcatWebServer                        - Tomcat started on port(s): 8080 (http) with context path ''
2023-Feb-03 08:56:24 [restartedMain] INFO  c.P.M.PracticeManagementApplication                - Started PracticeManagementApplication in 0.907 seconds (process running for 502.583)
2023-Feb-03 08:56:24 [restartedMain] INFO  o.s.b.d.a.ConditionEvaluationDeltaLoggingListener  - Condition evaluation unchanged
2023-Feb-03 08:56:29 [http-nio-8080-exec-2] INFO  o.a.c.c.C.[.[.[/]                                  - Initializing Spring DispatcherServlet 'dispatcherServlet'
2023-Feb-03 08:56:29 [http-nio-8080-exec-2] INFO  o.s.w.s.DispatcherServlet                          - Initializing Servlet 'dispatcherServlet'
2023-Feb-03 08:56:29 [http-nio-8080-exec-2] INFO  o.s.w.s.DispatcherServlet                          - Completed initialization in 0 ms
2023-Feb-03 08:56:29 [http-nio-8080-exec-2] INFO  c.P.M.c.DoctorController                           - for informational purpose
2023-Feb-03 08:56:29 [http-nio-8080-exec-2] ERROR c.P.M.c.DoctorController                           - for logging errors
2023-Feb-03 08:57:31 [File Watcher] INFO  o.s.b.d.a.LocalDevToolsAutoConfiguration$RestartingClassPathChangeChangedEventListener - Restarting due to 1 class path change (0 additions, 0 deletions, 1 modification)
2023-Feb-03 08:57:31 [Thread-15] INFO  o.a.c.h.Http11NioProtocol                          - Pausing ProtocolHandler ["http-nio-8080"]
2023-Feb-03 08:57:31 [Thread-15] INFO  o.a.c.c.StandardService                            - Stopping service [Tomcat]
2023-Feb-03 08:57:31 [Thread-15] INFO  o.a.c.c.C.[.[.[/]                                  - Destroying Spring FrameworkServlet 'dispatcherServlet'
2023-Feb-03 08:57:31 [Thread-15] INFO  o.a.c.h.Http11NioProtocol                          - Stopping ProtocolHandler ["http-nio-8080"]
2023-Feb-03 08:57:31 [Thread-15] INFO  o.a.c.h.Http11NioProtocol                          - Destroying ProtocolHandler ["http-nio-8080"]
2023-Feb-03 08:57:31 [Thread-15] INFO  o.s.o.j.LocalContainerEntityManagerFactoryBean     - Closing JPA EntityManagerFactory for persistence unit 'default'
2023-Feb-03 08:57:31 [Thread-15] INFO  c.z.h.HikariDataSource                             - HikariPool-4 - Shutdown initiated...
2023-Feb-03 08:57:31 [Thread-15] INFO  c.z.h.HikariDataSource                             - HikariPool-4 - Shutdown completed.
2023-Feb-03 08:57:32 [restartedMain] INFO  c.P.M.PracticeManagementApplication                - Starting PracticeManagementApplication using Java 17.0.5 with PID 11784 (C:\Users\Minht\git\PracticeManagement-\PracticeManagement\target\classes started by Minht in C:\Users\Minht\git\PracticeManagement-\PracticeManagement)
2023-Feb-03 08:57:32 [restartedMain] INFO  c.P.M.PracticeManagementApplication                - No active profile set, falling back to 1 default profile: "default"
2023-Feb-03 08:57:32 [restartedMain] INFO  o.s.d.r.c.RepositoryConfigurationDelegate          - Multiple Spring Data modules found, entering strict repository configuration mode
2023-Feb-03 08:57:32 [restartedMain] INFO  o.s.d.r.c.RepositoryConfigurationDelegate          - Bootstrapping Spring Data JDBC repositories in DEFAULT mode.
2023-Feb-03 08:57:32 [restartedMain] INFO  o.s.d.r.c.RepositoryConfigurationDelegate          - Finished Spring Data repository scanning in 12 ms. Found 0 JDBC repository interfaces.
2023-Feb-03 08:57:32 [restartedMain] INFO  o.s.d.r.c.RepositoryConfigurationDelegate          - Multiple Spring Data modules found, entering strict repository configuration mode
2023-Feb-03 08:57:32 [restartedMain] INFO  o.s.d.r.c.RepositoryConfigurationDelegate          - Bootstrapping Spring Data JPA repositories in DEFAULT mode.
2023-Feb-03 08:57:32 [restartedMain] INFO  o.s.d.r.c.RepositoryConfigurationDelegate          - Finished Spring Data repository scanning in 3 ms. Found 0 JPA repository interfaces.
2023-Feb-03 08:57:32 [restartedMain] INFO  o.s.b.w.e.t.TomcatWebServer                        - Tomcat initialized with port(s): 8080 (http)
2023-Feb-03 08:57:32 [restartedMain] INFO  o.a.c.h.Http11NioProtocol                          - Initializing ProtocolHandler ["http-nio-8080"]
2023-Feb-03 08:57:32 [restartedMain] INFO  o.a.c.c.StandardService                            - Starting service [Tomcat]
2023-Feb-03 08:57:32 [restartedMain] INFO  o.a.c.c.StandardEngine                             - Starting Servlet engine: [Apache Tomcat/10.1.4]
2023-Feb-03 08:57:32 [restartedMain] INFO  o.a.c.c.C.[.[.[/]                                  - Initializing Spring embedded WebApplicationContext
2023-Feb-03 08:57:32 [restartedMain] INFO  o.s.b.w.s.c.ServletWebServerApplicationContext     - Root WebApplicationContext: initialization completed in 360 ms
2023-Feb-03 08:57:32 [restartedMain] INFO  c.z.h.HikariDataSource                             - HikariPool-5 - Starting...
2023-Feb-03 08:57:32 [restartedMain] INFO  c.z.h.p.HikariPool                                 - HikariPool-5 - Added connection org.postgresql.jdbc.PgConnection@220ecf97
2023-Feb-03 08:57:32 [restartedMain] INFO  c.z.h.HikariDataSource                             - HikariPool-5 - Start completed.
2023-Feb-03 08:57:32 [restartedMain] INFO  o.h.j.i.u.LogHelper                                - HHH000204: Processing PersistenceUnitInfo [name: default]
2023-Feb-03 08:57:32 [restartedMain] WARN  o.h.o.deprecation                                  - HHH90000021: Encountered deprecated setting [javax.persistence.sharedCache.mode], use [jakarta.persistence.sharedCache.mode] instead
2023-Feb-03 08:57:32 [restartedMain] INFO  SQL dialect                                        - HHH000400: Using dialect: org.hibernate.dialect.PostgreSQLDialect
2023-Feb-03 08:57:32 [restartedMain] INFO  o.h.e.t.j.p.i.JtaPlatformInitiator                 - HHH000490: Using JtaPlatform implementation: [org.hibernate.engine.transaction.jta.platform.internal.NoJtaPlatform]
2023-Feb-03 08:57:32 [restartedMain] INFO  o.s.o.j.LocalContainerEntityManagerFactoryBean     - Initialized JPA EntityManagerFactory for persistence unit 'default'
2023-Feb-03 08:57:32 [restartedMain] WARN  o.s.b.a.o.j.JpaBaseConfiguration$JpaWebConfiguration - spring.jpa.open-in-view is enabled by default. Therefore, database queries may be performed during view rendering. Explicitly configure spring.jpa.open-in-view to disable this warning
2023-Feb-03 08:57:32 [restartedMain] INFO  o.s.b.d.a.OptionalLiveReloadServer                 - LiveReload server is running on port 35729
2023-Feb-03 08:57:32 [restartedMain] INFO  o.a.c.h.Http11NioProtocol                          - Starting ProtocolHandler ["http-nio-8080"]
2023-Feb-03 08:57:32 [restartedMain] INFO  o.s.b.w.e.t.TomcatWebServer                        - Tomcat started on port(s): 8080 (http) with context path ''
2023-Feb-03 08:57:32 [restartedMain] INFO  c.P.M.PracticeManagementApplication                - Started PracticeManagementApplication in 0.882 seconds (process running for 570.8)
2023-Feb-03 08:57:32 [restartedMain] INFO  o.s.b.d.a.ConditionEvaluationDeltaLoggingListener  - Condition evaluation unchanged
2023-Feb-03 08:57:35 [http-nio-8080-exec-2] INFO  o.a.c.c.C.[.[.[/]                                  - Initializing Spring DispatcherServlet 'dispatcherServlet'
2023-Feb-03 08:57:35 [http-nio-8080-exec-2] INFO  o.s.w.s.DispatcherServlet                          - Initializing Servlet 'dispatcherServlet'
2023-Feb-03 08:57:35 [http-nio-8080-exec-2] INFO  o.s.w.s.DispatcherServlet                          - Completed initialization in 1 ms
2023-Feb-03 08:57:35 [http-nio-8080-exec-2] INFO  c.P.M.c.DoctorController                           - for informational purpose
2023-Feb-03 09:00:51 [File Watcher] INFO  o.s.b.d.a.LocalDevToolsAutoConfiguration$RestartingClassPathChangeChangedEventListener - Restarting due to 1 class path change (0 additions, 0 deletions, 1 modification)
2023-Feb-03 09:00:51 [Thread-19] INFO  o.a.c.h.Http11NioProtocol                          - Pausing ProtocolHandler ["http-nio-8080"]
2023-Feb-03 09:00:51 [Thread-19] INFO  o.a.c.c.StandardService                            - Stopping service [Tomcat]
2023-Feb-03 09:00:51 [Thread-19] INFO  o.a.c.c.C.[.[.[/]                                  - Destroying Spring FrameworkServlet 'dispatcherServlet'
2023-Feb-03 09:00:51 [Thread-19] INFO  o.a.c.h.Http11NioProtocol                          - Stopping ProtocolHandler ["http-nio-8080"]
2023-Feb-03 09:00:51 [Thread-19] INFO  o.a.c.h.Http11NioProtocol                          - Destroying ProtocolHandler ["http-nio-8080"]
2023-Feb-03 09:00:51 [Thread-19] INFO  o.s.o.j.LocalContainerEntityManagerFactoryBean     - Closing JPA EntityManagerFactory for persistence unit 'default'
2023-Feb-03 09:00:51 [Thread-19] INFO  c.z.h.HikariDataSource                             - HikariPool-5 - Shutdown initiated...
2023-Feb-03 09:00:51 [Thread-19] INFO  c.z.h.HikariDataSource                             - HikariPool-5 - Shutdown completed.
2023-Feb-03 09:00:52 [restartedMain] INFO  c.P.M.PracticeManagementApplication                - Starting PracticeManagementApplication using Java 17.0.5 with PID 11784 (C:\Users\Minht\git\PracticeManagement-\PracticeManagement\target\classes started by Minht in C:\Users\Minht\git\PracticeManagement-\PracticeManagement)
2023-Feb-03 09:00:52 [restartedMain] INFO  c.P.M.PracticeManagementApplication                - No active profile set, falling back to 1 default profile: "default"
2023-Feb-03 09:00:52 [restartedMain] INFO  o.s.d.r.c.RepositoryConfigurationDelegate          - Multiple Spring Data modules found, entering strict repository configuration mode
2023-Feb-03 09:00:52 [restartedMain] INFO  o.s.d.r.c.RepositoryConfigurationDelegate          - Bootstrapping Spring Data JDBC repositories in DEFAULT mode.
2023-Feb-03 09:00:52 [restartedMain] INFO  o.s.d.r.c.RepositoryConfigurationDelegate          - Finished Spring Data repository scanning in 10 ms. Found 0 JDBC repository interfaces.
2023-Feb-03 09:00:52 [restartedMain] INFO  o.s.d.r.c.RepositoryConfigurationDelegate          - Multiple Spring Data modules found, entering strict repository configuration mode
2023-Feb-03 09:00:52 [restartedMain] INFO  o.s.d.r.c.RepositoryConfigurationDelegate          - Bootstrapping Spring Data JPA repositories in DEFAULT mode.
2023-Feb-03 09:00:52 [restartedMain] INFO  o.s.d.r.c.RepositoryConfigurationDelegate          - Finished Spring Data repository scanning in 4 ms. Found 0 JPA repository interfaces.
2023-Feb-03 09:00:52 [restartedMain] INFO  o.s.b.w.e.t.TomcatWebServer                        - Tomcat initialized with port(s): 8080 (http)
2023-Feb-03 09:00:52 [restartedMain] INFO  o.a.c.h.Http11NioProtocol                          - Initializing ProtocolHandler ["http-nio-8080"]
2023-Feb-03 09:00:52 [restartedMain] INFO  o.a.c.c.StandardService                            - Starting service [Tomcat]
2023-Feb-03 09:00:52 [restartedMain] INFO  o.a.c.c.StandardEngine                             - Starting Servlet engine: [Apache Tomcat/10.1.4]
2023-Feb-03 09:00:52 [restartedMain] INFO  o.a.c.c.C.[.[.[/]                                  - Initializing Spring embedded WebApplicationContext
2023-Feb-03 09:00:52 [restartedMain] INFO  o.s.b.w.s.c.ServletWebServerApplicationContext     - Root WebApplicationContext: initialization completed in 359 ms
2023-Feb-03 09:00:52 [restartedMain] INFO  c.z.h.HikariDataSource                             - HikariPool-6 - Starting...
2023-Feb-03 09:00:52 [restartedMain] INFO  c.z.h.p.HikariPool                                 - HikariPool-6 - Added connection org.postgresql.jdbc.PgConnection@709c1111
2023-Feb-03 09:00:52 [restartedMain] INFO  c.z.h.HikariDataSource                             - HikariPool-6 - Start completed.
2023-Feb-03 09:00:52 [restartedMain] INFO  o.h.j.i.u.LogHelper                                - HHH000204: Processing PersistenceUnitInfo [name: default]
2023-Feb-03 09:00:52 [restartedMain] WARN  o.h.o.deprecation                                  - HHH90000021: Encountered deprecated setting [javax.persistence.sharedCache.mode], use [jakarta.persistence.sharedCache.mode] instead
2023-Feb-03 09:00:52 [restartedMain] INFO  SQL dialect                                        - HHH000400: Using dialect: org.hibernate.dialect.PostgreSQLDialect
2023-Feb-03 09:00:52 [restartedMain] INFO  o.h.e.t.j.p.i.JtaPlatformInitiator                 - HHH000490: Using JtaPlatform implementation: [org.hibernate.engine.transaction.jta.platform.internal.NoJtaPlatform]
2023-Feb-03 09:00:52 [restartedMain] INFO  o.s.o.j.LocalContainerEntityManagerFactoryBean     - Initialized JPA EntityManagerFactory for persistence unit 'default'
2023-Feb-03 09:00:52 [restartedMain] WARN  o.s.b.a.o.j.JpaBaseConfiguration$JpaWebConfiguration - spring.jpa.open-in-view is enabled by default. Therefore, database queries may be performed during view rendering. Explicitly configure spring.jpa.open-in-view to disable this warning
2023-Feb-03 09:00:52 [restartedMain] INFO  o.s.b.d.a.OptionalLiveReloadServer                 - LiveReload server is running on port 35729
2023-Feb-03 09:00:52 [restartedMain] INFO  o.a.c.h.Http11NioProtocol                          - Starting ProtocolHandler ["http-nio-8080"]
2023-Feb-03 09:00:52 [restartedMain] INFO  o.s.b.w.e.t.TomcatWebServer                        - Tomcat started on port(s): 8080 (http) with context path ''
2023-Feb-03 09:00:52 [restartedMain] INFO  c.P.M.PracticeManagementApplication                - Started PracticeManagementApplication in 0.903 seconds (process running for 770.79)
2023-Feb-03 09:00:52 [restartedMain] INFO  o.s.b.d.a.ConditionEvaluationDeltaLoggingListener  - Condition evaluation unchanged
2023-Feb-03 09:01:57 [File Watcher] INFO  o.s.b.d.a.LocalDevToolsAutoConfiguration$RestartingClassPathChangeChangedEventListener - Restarting due to 1 class path change (0 additions, 0 deletions, 1 modification)
2023-Feb-03 09:01:57 [Thread-23] INFO  o.a.c.h.Http11NioProtocol                          - Pausing ProtocolHandler ["http-nio-8080"]
2023-Feb-03 09:01:57 [Thread-23] INFO  o.a.c.c.StandardService                            - Stopping service [Tomcat]
2023-Feb-03 09:01:57 [Thread-23] INFO  o.a.c.h.Http11NioProtocol                          - Stopping ProtocolHandler ["http-nio-8080"]
2023-Feb-03 09:01:57 [Thread-23] INFO  o.a.c.h.Http11NioProtocol                          - Destroying ProtocolHandler ["http-nio-8080"]
2023-Feb-03 09:01:57 [Thread-23] INFO  o.s.o.j.LocalContainerEntityManagerFactoryBean     - Closing JPA EntityManagerFactory for persistence unit 'default'
2023-Feb-03 09:01:57 [Thread-23] INFO  c.z.h.HikariDataSource                             - HikariPool-6 - Shutdown initiated...
2023-Feb-03 09:01:57 [Thread-23] INFO  c.z.h.HikariDataSource                             - HikariPool-6 - Shutdown completed.
2023-Feb-03 09:01:57 [restartedMain] INFO  c.P.M.PracticeManagementApplication                - Starting PracticeManagementApplication using Java 17.0.5 with PID 11784 (C:\Users\Minht\git\PracticeManagement-\PracticeManagement\target\classes started by Minht in C:\Users\Minht\git\PracticeManagement-\PracticeManagement)
2023-Feb-03 09:01:57 [restartedMain] INFO  c.P.M.PracticeManagementApplication                - No active profile set, falling back to 1 default profile: "default"
2023-Feb-03 09:01:57 [restartedMain] INFO  o.s.d.r.c.RepositoryConfigurationDelegate          - Multiple Spring Data modules found, entering strict repository configuration mode
2023-Feb-03 09:01:57 [restartedMain] INFO  o.s.d.r.c.RepositoryConfigurationDelegate          - Bootstrapping Spring Data JDBC repositories in DEFAULT mode.
2023-Feb-03 09:01:57 [restartedMain] INFO  o.s.d.r.c.RepositoryConfigurationDelegate          - Finished Spring Data repository scanning in 10 ms. Found 0 JDBC repository interfaces.
2023-Feb-03 09:01:57 [restartedMain] INFO  o.s.d.r.c.RepositoryConfigurationDelegate          - Multiple Spring Data modules found, entering strict repository configuration mode
2023-Feb-03 09:01:57 [restartedMain] INFO  o.s.d.r.c.RepositoryConfigurationDelegate          - Bootstrapping Spring Data JPA repositories in DEFAULT mode.
2023-Feb-03 09:01:57 [restartedMain] INFO  o.s.d.r.c.RepositoryConfigurationDelegate          - Finished Spring Data repository scanning in 2 ms. Found 0 JPA repository interfaces.
2023-Feb-03 09:01:57 [restartedMain] INFO  o.s.b.w.e.t.TomcatWebServer                        - Tomcat initialized with port(s): 8080 (http)
2023-Feb-03 09:01:57 [restartedMain] INFO  o.a.c.h.Http11NioProtocol                          - Initializing ProtocolHandler ["http-nio-8080"]
2023-Feb-03 09:01:57 [restartedMain] INFO  o.a.c.c.StandardService                            - Starting service [Tomcat]
2023-Feb-03 09:01:57 [restartedMain] INFO  o.a.c.c.StandardEngine                             - Starting Servlet engine: [Apache Tomcat/10.1.4]
2023-Feb-03 09:01:57 [restartedMain] INFO  o.a.c.c.C.[.[.[/]                                  - Initializing Spring embedded WebApplicationContext
2023-Feb-03 09:01:57 [restartedMain] INFO  o.s.b.w.s.c.ServletWebServerApplicationContext     - Root WebApplicationContext: initialization completed in 361 ms
2023-Feb-03 09:01:57 [restartedMain] INFO  c.z.h.HikariDataSource                             - HikariPool-7 - Starting...
2023-Feb-03 09:01:57 [restartedMain] INFO  c.z.h.p.HikariPool                                 - HikariPool-7 - Added connection org.postgresql.jdbc.PgConnection@28e4947c
2023-Feb-03 09:01:57 [restartedMain] INFO  c.z.h.HikariDataSource                             - HikariPool-7 - Start completed.
2023-Feb-03 09:01:57 [restartedMain] INFO  o.h.j.i.u.LogHelper                                - HHH000204: Processing PersistenceUnitInfo [name: default]
2023-Feb-03 09:01:57 [restartedMain] WARN  o.h.o.deprecation                                  - HHH90000021: Encountered deprecated setting [javax.persistence.sharedCache.mode], use [jakarta.persistence.sharedCache.mode] instead
2023-Feb-03 09:01:57 [restartedMain] INFO  SQL dialect                                        - HHH000400: Using dialect: org.hibernate.dialect.PostgreSQLDialect
2023-Feb-03 09:01:57 [restartedMain] INFO  o.h.e.t.j.p.i.JtaPlatformInitiator                 - HHH000490: Using JtaPlatform implementation: [org.hibernate.engine.transaction.jta.platform.internal.NoJtaPlatform]
2023-Feb-03 09:01:57 [restartedMain] INFO  o.s.o.j.LocalContainerEntityManagerFactoryBean     - Initialized JPA EntityManagerFactory for persistence unit 'default'
2023-Feb-03 09:01:57 [restartedMain] WARN  o.s.b.a.o.j.JpaBaseConfiguration$JpaWebConfiguration - spring.jpa.open-in-view is enabled by default. Therefore, database queries may be performed during view rendering. Explicitly configure spring.jpa.open-in-view to disable this warning
2023-Feb-03 09:01:57 [restartedMain] INFO  o.s.b.d.a.OptionalLiveReloadServer                 - LiveReload server is running on port 35729
2023-Feb-03 09:01:57 [restartedMain] INFO  o.a.c.h.Http11NioProtocol                          - Starting ProtocolHandler ["http-nio-8080"]
2023-Feb-03 09:01:57 [restartedMain] INFO  o.s.b.w.e.t.TomcatWebServer                        - Tomcat started on port(s): 8080 (http) with context path ''
2023-Feb-03 09:01:57 [restartedMain] INFO  c.P.M.PracticeManagementApplication                - Started PracticeManagementApplication in 0.859 seconds (process running for 835.821)
2023-Feb-03 09:01:57 [restartedMain] INFO  o.s.b.d.a.ConditionEvaluationDeltaLoggingListener  - Condition evaluation unchanged
2023-Feb-03 09:01:59 [RMI TCP Connection(41)-127.0.0.1] INFO  o.s.b.a.SpringApplicationAdminMXBeanRegistrar$SpringApplicationAdmin - Application shutdown requested.
2023-Feb-03 09:01:59 [RMI TCP Connection(41)-127.0.0.1] INFO  o.a.c.h.Http11NioProtocol                          - Pausing ProtocolHandler ["http-nio-8080"]
2023-Feb-03 09:01:59 [RMI TCP Connection(41)-127.0.0.1] INFO  o.a.c.c.StandardService                            - Stopping service [Tomcat]
2023-Feb-03 09:01:59 [RMI TCP Connection(41)-127.0.0.1] INFO  o.a.c.h.Http11NioProtocol                          - Stopping ProtocolHandler ["http-nio-8080"]
2023-Feb-03 09:01:59 [RMI TCP Connection(41)-127.0.0.1] INFO  o.a.c.h.Http11NioProtocol                          - Destroying ProtocolHandler ["http-nio-8080"]
2023-Feb-03 09:01:59 [RMI TCP Connection(41)-127.0.0.1] INFO  o.s.o.j.LocalContainerEntityManagerFactoryBean     - Closing JPA EntityManagerFactory for persistence unit 'default'
2023-Feb-03 09:01:59 [RMI TCP Connection(41)-127.0.0.1] INFO  c.z.h.HikariDataSource                             - HikariPool-7 - Shutdown initiated...
2023-Feb-03 09:01:59 [RMI TCP Connection(41)-127.0.0.1] INFO  c.z.h.HikariDataSource                             - HikariPool-7 - Shutdown completed.
2023-Feb-03 09:10:43 [restartedMain] INFO  c.P.M.PracticeManagementApplication                - Starting PracticeManagementApplication using Java 17.0.5 with PID 25020 (C:\Users\Minht\git\PracticeManagement-\PracticeManagement\target\classes started by Minht in C:\Users\Minht\git\PracticeManagement-\PracticeManagement)
2023-Feb-03 09:10:43 [restartedMain] INFO  c.P.M.PracticeManagementApplication                - No active profile set, falling back to 1 default profile: "default"
2023-Feb-03 09:10:43 [restartedMain] INFO  o.s.b.d.e.DevToolsPropertyDefaultsPostProcessor    - Devtools property defaults active! Set 'spring.devtools.add-properties' to 'false' to disable
2023-Feb-03 09:10:43 [restartedMain] INFO  o.s.b.d.e.DevToolsPropertyDefaultsPostProcessor    - For additional web related logging consider setting the 'logging.level.web' property to 'DEBUG'
2023-Feb-03 09:10:44 [restartedMain] INFO  o.s.d.r.c.RepositoryConfigurationDelegate          - Multiple Spring Data modules found, entering strict repository configuration mode
2023-Feb-03 09:10:44 [restartedMain] INFO  o.s.d.r.c.RepositoryConfigurationDelegate          - Bootstrapping Spring Data JDBC repositories in DEFAULT mode.
2023-Feb-03 09:10:44 [restartedMain] INFO  o.s.d.r.c.RepositoryConfigurationDelegate          - Finished Spring Data repository scanning in 29 ms. Found 0 JDBC repository interfaces.
2023-Feb-03 09:10:44 [restartedMain] INFO  o.s.d.r.c.RepositoryConfigurationDelegate          - Multiple Spring Data modules found, entering strict repository configuration mode
2023-Feb-03 09:10:44 [restartedMain] INFO  o.s.d.r.c.RepositoryConfigurationDelegate          - Bootstrapping Spring Data JPA repositories in DEFAULT mode.
2023-Feb-03 09:10:44 [restartedMain] INFO  o.s.d.r.c.RepositoryConfigurationDelegate          - Finished Spring Data repository scanning in 5 ms. Found 0 JPA repository interfaces.
2023-Feb-03 09:10:44 [restartedMain] INFO  o.s.b.w.e.t.TomcatWebServer                        - Tomcat initialized with port(s): 8080 (http)
2023-Feb-03 09:10:44 [restartedMain] INFO  o.a.c.h.Http11NioProtocol                          - Initializing ProtocolHandler ["http-nio-8080"]
2023-Feb-03 09:10:44 [restartedMain] INFO  o.a.c.c.StandardService                            - Starting service [Tomcat]
2023-Feb-03 09:10:44 [restartedMain] INFO  o.a.c.c.StandardEngine                             - Starting Servlet engine: [Apache Tomcat/10.1.4]
2023-Feb-03 09:10:44 [restartedMain] INFO  o.a.c.c.C.[.[.[/]                                  - Initializing Spring embedded WebApplicationContext
2023-Feb-03 09:10:44 [restartedMain] INFO  o.s.b.w.s.c.ServletWebServerApplicationContext     - Root WebApplicationContext: initialization completed in 1657 ms
2023-Feb-03 09:10:45 [restartedMain] INFO  c.z.h.HikariDataSource                             - HikariPool-1 - Starting...
2023-Feb-03 09:10:45 [restartedMain] INFO  c.z.h.p.HikariPool                                 - HikariPool-1 - Added connection org.postgresql.jdbc.PgConnection@41de95a6
2023-Feb-03 09:10:45 [restartedMain] INFO  c.z.h.HikariDataSource                             - HikariPool-1 - Start completed.
2023-Feb-03 09:10:45 [restartedMain] INFO  o.h.j.i.u.LogHelper                                - HHH000204: Processing PersistenceUnitInfo [name: default]
2023-Feb-03 09:10:45 [restartedMain] INFO  o.h.Version                                        - HHH000412: Hibernate ORM core version 6.1.6.Final
2023-Feb-03 09:10:45 [restartedMain] WARN  o.h.o.deprecation                                  - HHH90000021: Encountered deprecated setting [javax.persistence.sharedCache.mode], use [jakarta.persistence.sharedCache.mode] instead
2023-Feb-03 09:10:45 [restartedMain] INFO  SQL dialect                                        - HHH000400: Using dialect: org.hibernate.dialect.PostgreSQLDialect
2023-Feb-03 09:10:46 [restartedMain] INFO  o.h.e.t.j.p.i.JtaPlatformInitiator                 - HHH000490: Using JtaPlatform implementation: [org.hibernate.engine.transaction.jta.platform.internal.NoJtaPlatform]
2023-Feb-03 09:10:46 [restartedMain] INFO  o.s.o.j.LocalContainerEntityManagerFactoryBean     - Initialized JPA EntityManagerFactory for persistence unit 'default'
2023-Feb-03 09:10:46 [restartedMain] WARN  o.s.b.a.o.j.JpaBaseConfiguration$JpaWebConfiguration - spring.jpa.open-in-view is enabled by default. Therefore, database queries may be performed during view rendering. Explicitly configure spring.jpa.open-in-view to disable this warning
2023-Feb-03 09:10:47 [restartedMain] INFO  o.s.b.d.a.OptionalLiveReloadServer                 - LiveReload server is running on port 35729
2023-Feb-03 09:10:47 [restartedMain] INFO  o.a.c.h.Http11NioProtocol                          - Starting ProtocolHandler ["http-nio-8080"]
2023-Feb-03 09:10:47 [restartedMain] INFO  o.s.b.w.e.t.TomcatWebServer                        - Tomcat started on port(s): 8080 (http) with context path ''
2023-Feb-03 09:10:47 [restartedMain] INFO  c.P.M.PracticeManagementApplication                - Started PracticeManagementApplication in 4.408 seconds (process running for 5.69)
2023-Feb-03 09:10:52 [http-nio-8080-exec-1] INFO  o.a.c.c.C.[.[.[/]                                  - Initializing Spring DispatcherServlet 'dispatcherServlet'
2023-Feb-03 09:10:52 [http-nio-8080-exec-1] INFO  o.s.w.s.DispatcherServlet                          - Initializing Servlet 'dispatcherServlet'
2023-Feb-03 09:10:52 [http-nio-8080-exec-1] INFO  o.s.w.s.DispatcherServlet                          - Completed initialization in 1 ms
2023-Feb-03 09:10:52 [http-nio-8080-exec-1] INFO  c.P.M.c.DoctorController                           - Đang đọc dữ liệu từ file .csv
2023-Feb-03 09:10:52 [http-nio-8080-exec-1] INFO  c.P.M.c.DoctorController                           - Kiểm tra dữ liệu có phù hợp không.
2023-Feb-03 09:10:52 [http-nio-8080-exec-1] INFO  c.P.M.c.DoctorController                           - Dữ liệu hợp lệ.
2023-Feb-03 09:12:21 [File Watcher] INFO  o.s.b.d.a.LocalDevToolsAutoConfiguration$RestartingClassPathChangeChangedEventListener - Restarting due to 1 class path change (0 additions, 0 deletions, 1 modification)
2023-Feb-03 09:12:21 [Thread-5] INFO  o.a.c.h.Http11NioProtocol                          - Pausing ProtocolHandler ["http-nio-8080"]
2023-Feb-03 09:12:21 [Thread-5] INFO  o.a.c.c.StandardService                            - Stopping service [Tomcat]
2023-Feb-03 09:12:21 [Thread-5] INFO  o.a.c.c.C.[.[.[/]                                  - Destroying Spring FrameworkServlet 'dispatcherServlet'
2023-Feb-03 09:12:21 [Thread-5] INFO  o.a.c.h.Http11NioProtocol                          - Stopping ProtocolHandler ["http-nio-8080"]
2023-Feb-03 09:12:21 [Thread-5] INFO  o.a.c.h.Http11NioProtocol                          - Destroying ProtocolHandler ["http-nio-8080"]
2023-Feb-03 09:12:21 [Thread-5] INFO  o.s.o.j.LocalContainerEntityManagerFactoryBean     - Closing JPA EntityManagerFactory for persistence unit 'default'
2023-Feb-03 09:12:21 [Thread-5] INFO  c.z.h.HikariDataSource                             - HikariPool-1 - Shutdown initiated...
2023-Feb-03 09:12:21 [Thread-5] INFO  c.z.h.HikariDataSource                             - HikariPool-1 - Shutdown completed.
2023-Feb-03 09:12:21 [restartedMain] INFO  c.P.M.PracticeManagementApplication                - Starting PracticeManagementApplication using Java 17.0.5 with PID 25020 (C:\Users\Minht\git\PracticeManagement-\PracticeManagement\target\classes started by Minht in C:\Users\Minht\git\PracticeManagement-\PracticeManagement)
2023-Feb-03 09:12:21 [restartedMain] INFO  c.P.M.PracticeManagementApplication                - No active profile set, falling back to 1 default profile: "default"
2023-Feb-03 09:12:22 [restartedMain] INFO  o.s.d.r.c.RepositoryConfigurationDelegate          - Multiple Spring Data modules found, entering strict repository configuration mode
2023-Feb-03 09:12:22 [restartedMain] INFO  o.s.d.r.c.RepositoryConfigurationDelegate          - Bootstrapping Spring Data JDBC repositories in DEFAULT mode.
2023-Feb-03 09:12:22 [restartedMain] INFO  o.s.d.r.c.RepositoryConfigurationDelegate          - Finished Spring Data repository scanning in 11 ms. Found 0 JDBC repository interfaces.
2023-Feb-03 09:12:22 [restartedMain] INFO  o.s.d.r.c.RepositoryConfigurationDelegate          - Multiple Spring Data modules found, entering strict repository configuration mode
2023-Feb-03 09:12:22 [restartedMain] INFO  o.s.d.r.c.RepositoryConfigurationDelegate          - Bootstrapping Spring Data JPA repositories in DEFAULT mode.
2023-Feb-03 09:12:22 [restartedMain] INFO  o.s.d.r.c.RepositoryConfigurationDelegate          - Finished Spring Data repository scanning in 3 ms. Found 0 JPA repository interfaces.
2023-Feb-03 09:12:22 [restartedMain] INFO  o.s.b.w.e.t.TomcatWebServer                        - Tomcat initialized with port(s): 8080 (http)
2023-Feb-03 09:12:22 [restartedMain] INFO  o.a.c.h.Http11NioProtocol                          - Initializing ProtocolHandler ["http-nio-8080"]
2023-Feb-03 09:12:22 [restartedMain] INFO  o.a.c.c.StandardService                            - Starting service [Tomcat]
2023-Feb-03 09:12:22 [restartedMain] INFO  o.a.c.c.StandardEngine                             - Starting Servlet engine: [Apache Tomcat/10.1.4]
2023-Feb-03 09:12:22 [restartedMain] INFO  o.a.c.c.C.[.[.[/]                                  - Initializing Spring embedded WebApplicationContext
2023-Feb-03 09:12:22 [restartedMain] INFO  o.s.b.w.s.c.ServletWebServerApplicationContext     - Root WebApplicationContext: initialization completed in 425 ms
2023-Feb-03 09:12:22 [restartedMain] INFO  c.z.h.HikariDataSource                             - HikariPool-2 - Starting...
2023-Feb-03 09:12:22 [restartedMain] INFO  c.z.h.p.HikariPool                                 - HikariPool-2 - Added connection org.postgresql.jdbc.PgConnection@2706ef
2023-Feb-03 09:12:22 [restartedMain] INFO  c.z.h.HikariDataSource                             - HikariPool-2 - Start completed.
2023-Feb-03 09:12:22 [restartedMain] INFO  o.h.j.i.u.LogHelper                                - HHH000204: Processing PersistenceUnitInfo [name: default]
2023-Feb-03 09:12:22 [restartedMain] WARN  o.h.o.deprecation                                  - HHH90000021: Encountered deprecated setting [javax.persistence.sharedCache.mode], use [jakarta.persistence.sharedCache.mode] instead
2023-Feb-03 09:12:22 [restartedMain] INFO  SQL dialect                                        - HHH000400: Using dialect: org.hibernate.dialect.PostgreSQLDialect
2023-Feb-03 09:12:22 [restartedMain] INFO  o.h.e.t.j.p.i.JtaPlatformInitiator                 - HHH000490: Using JtaPlatform implementation: [org.hibernate.engine.transaction.jta.platform.internal.NoJtaPlatform]
2023-Feb-03 09:12:22 [restartedMain] INFO  o.s.o.j.LocalContainerEntityManagerFactoryBean     - Initialized JPA EntityManagerFactory for persistence unit 'default'
2023-Feb-03 09:12:22 [restartedMain] WARN  o.s.b.a.o.j.JpaBaseConfiguration$JpaWebConfiguration - spring.jpa.open-in-view is enabled by default. Therefore, database queries may be performed during view rendering. Explicitly configure spring.jpa.open-in-view to disable this warning
2023-Feb-03 09:12:22 [restartedMain] INFO  o.s.b.d.a.OptionalLiveReloadServer                 - LiveReload server is running on port 35729
2023-Feb-03 09:12:22 [restartedMain] INFO  o.a.c.h.Http11NioProtocol                          - Starting ProtocolHandler ["http-nio-8080"]
2023-Feb-03 09:12:22 [restartedMain] INFO  o.s.b.w.e.t.TomcatWebServer                        - Tomcat started on port(s): 8080 (http) with context path ''
2023-Feb-03 09:12:22 [restartedMain] INFO  c.P.M.PracticeManagementApplication                - Started PracticeManagementApplication in 1.029 seconds (process running for 101.288)
2023-Feb-03 09:12:22 [restartedMain] INFO  o.s.b.d.a.ConditionEvaluationDeltaLoggingListener  - Condition evaluation unchanged
2023-Feb-03 09:12:29 [http-nio-8080-exec-2] INFO  o.a.c.c.C.[.[.[/]                                  - Initializing Spring DispatcherServlet 'dispatcherServlet'
2023-Feb-03 09:12:29 [http-nio-8080-exec-2] INFO  o.s.w.s.DispatcherServlet                          - Initializing Servlet 'dispatcherServlet'
2023-Feb-03 09:12:29 [http-nio-8080-exec-2] INFO  o.s.w.s.DispatcherServlet                          - Completed initialization in 2 ms
2023-Feb-03 09:12:29 [http-nio-8080-exec-2] INFO  c.P.M.c.DoctorController                           - Đang đọc dữ liệu từ file .csv
2023-Feb-03 09:12:29 [http-nio-8080-exec-2] INFO  c.P.M.c.DoctorController                           - Kiểm tra dữ liệu có phù hợp không.
2023-Feb-03 09:12:29 [http-nio-8080-exec-2] ERROR c.P.M.c.DoctorController                           - Dữ liệu chưa hợp lệ để lưu
2023-Feb-03 09:14:46 [http-nio-8080-exec-5] INFO  c.P.M.c.DoctorController                           - Đang đọc dữ liệu từ file .csv
2023-Feb-03 09:14:46 [http-nio-8080-exec-5] INFO  c.P.M.c.DoctorController                           - Kiểm tra dữ liệu có phù hợp không.
2023-Feb-03 09:14:46 [http-nio-8080-exec-5] INFO  c.P.M.c.DoctorController                           - Dữ liệu hợp lệ.
2023-Feb-03 09:14:46 [http-nio-8080-exec-5] INFO  c.P.M.c.DoctorController                           - Dữ liệu đã được lưu.
2023-Feb-03 09:25:28 [RMI TCP Connection(30)-127.0.0.1] INFO  o.s.b.a.SpringApplicationAdminMXBeanRegistrar$SpringApplicationAdmin - Application shutdown requested.
2023-Feb-03 09:25:28 [RMI TCP Connection(30)-127.0.0.1] INFO  o.a.c.h.Http11NioProtocol                          - Pausing ProtocolHandler ["http-nio-8080"]
2023-Feb-03 09:25:28 [RMI TCP Connection(30)-127.0.0.1] INFO  o.a.c.c.StandardService                            - Stopping service [Tomcat]
2023-Feb-03 09:25:28 [RMI TCP Connection(30)-127.0.0.1] INFO  o.a.c.c.C.[.[.[/]                                  - Destroying Spring FrameworkServlet 'dispatcherServlet'
2023-Feb-03 09:25:28 [RMI TCP Connection(30)-127.0.0.1] INFO  o.a.c.h.Http11NioProtocol                          - Stopping ProtocolHandler ["http-nio-8080"]
2023-Feb-03 09:25:28 [RMI TCP Connection(30)-127.0.0.1] INFO  o.a.c.h.Http11NioProtocol                          - Destroying ProtocolHandler ["http-nio-8080"]
2023-Feb-03 09:25:28 [RMI TCP Connection(30)-127.0.0.1] INFO  o.s.o.j.LocalContainerEntityManagerFactoryBean     - Closing JPA EntityManagerFactory for persistence unit 'default'
2023-Feb-03 09:25:28 [RMI TCP Connection(30)-127.0.0.1] INFO  c.z.h.HikariDataSource                             - HikariPool-2 - Shutdown initiated...
2023-Feb-03 09:25:28 [RMI TCP Connection(30)-127.0.0.1] INFO  c.z.h.HikariDataSource                             - HikariPool-2 - Shutdown completed.
2023-Feb-03 09:26:05 [restartedMain] INFO  c.P.M.PracticeManagementApplication                - Starting PracticeManagementApplication using Java 17.0.5 with PID 20700 (C:\Users\Minht\git\PracticeManagement-\PracticeManagement\target\classes started by Minht in C:\Users\Minht\git\PracticeManagement-\PracticeManagement)
2023-Feb-03 09:26:06 [restartedMain] INFO  c.P.M.PracticeManagementApplication                - No active profile set, falling back to 1 default profile: "default"
2023-Feb-03 09:26:06 [restartedMain] INFO  o.s.b.d.e.DevToolsPropertyDefaultsPostProcessor    - Devtools property defaults active! Set 'spring.devtools.add-properties' to 'false' to disable
2023-Feb-03 09:26:06 [restartedMain] INFO  o.s.b.d.e.DevToolsPropertyDefaultsPostProcessor    - For additional web related logging consider setting the 'logging.level.web' property to 'DEBUG'
2023-Feb-03 09:26:06 [restartedMain] INFO  o.s.d.r.c.RepositoryConfigurationDelegate          - Multiple Spring Data modules found, entering strict repository configuration mode
2023-Feb-03 09:26:06 [restartedMain] INFO  o.s.d.r.c.RepositoryConfigurationDelegate          - Bootstrapping Spring Data JDBC repositories in DEFAULT mode.
2023-Feb-03 09:26:06 [restartedMain] INFO  o.s.d.r.c.RepositoryConfigurationDelegate          - Finished Spring Data repository scanning in 28 ms. Found 0 JDBC repository interfaces.
2023-Feb-03 09:26:06 [restartedMain] INFO  o.s.d.r.c.RepositoryConfigurationDelegate          - Multiple Spring Data modules found, entering strict repository configuration mode
2023-Feb-03 09:26:06 [restartedMain] INFO  o.s.d.r.c.RepositoryConfigurationDelegate          - Bootstrapping Spring Data JPA repositories in DEFAULT mode.
2023-Feb-03 09:26:07 [restartedMain] INFO  o.s.d.r.c.RepositoryConfigurationDelegate          - Finished Spring Data repository scanning in 6 ms. Found 0 JPA repository interfaces.
2023-Feb-03 09:26:07 [restartedMain] INFO  o.s.b.w.e.t.TomcatWebServer                        - Tomcat initialized with port(s): 8080 (http)
2023-Feb-03 09:26:07 [restartedMain] INFO  o.a.c.h.Http11NioProtocol                          - Initializing ProtocolHandler ["http-nio-8080"]
2023-Feb-03 09:26:07 [restartedMain] INFO  o.a.c.c.StandardService                            - Starting service [Tomcat]
2023-Feb-03 09:26:07 [restartedMain] INFO  o.a.c.c.StandardEngine                             - Starting Servlet engine: [Apache Tomcat/10.1.4]
2023-Feb-03 09:26:07 [restartedMain] INFO  o.a.c.c.C.[.[.[/]                                  - Initializing Spring embedded WebApplicationContext
2023-Feb-03 09:26:07 [restartedMain] INFO  o.s.b.w.s.c.ServletWebServerApplicationContext     - Root WebApplicationContext: initialization completed in 1726 ms
2023-Feb-03 09:26:07 [restartedMain] INFO  c.z.h.HikariDataSource                             - HikariPool-1 - Starting...
2023-Feb-03 09:26:08 [restartedMain] INFO  c.z.h.p.HikariPool                                 - HikariPool-1 - Added connection org.postgresql.jdbc.PgConnection@32163859
2023-Feb-03 09:26:08 [restartedMain] INFO  c.z.h.HikariDataSource                             - HikariPool-1 - Start completed.
2023-Feb-03 09:26:08 [restartedMain] INFO  o.h.j.i.u.LogHelper                                - HHH000204: Processing PersistenceUnitInfo [name: default]
2023-Feb-03 09:26:08 [restartedMain] INFO  o.h.Version                                        - HHH000412: Hibernate ORM core version 6.1.6.Final
2023-Feb-03 09:26:08 [restartedMain] WARN  o.h.o.deprecation                                  - HHH90000021: Encountered deprecated setting [javax.persistence.sharedCache.mode], use [jakarta.persistence.sharedCache.mode] instead
2023-Feb-03 09:26:08 [restartedMain] INFO  SQL dialect                                        - HHH000400: Using dialect: org.hibernate.dialect.PostgreSQLDialect
2023-Feb-03 09:26:09 [restartedMain] INFO  o.h.e.t.j.p.i.JtaPlatformInitiator                 - HHH000490: Using JtaPlatform implementation: [org.hibernate.engine.transaction.jta.platform.internal.NoJtaPlatform]
2023-Feb-03 09:26:09 [restartedMain] INFO  o.s.o.j.LocalContainerEntityManagerFactoryBean     - Initialized JPA EntityManagerFactory for persistence unit 'default'
2023-Feb-03 09:26:09 [restartedMain] WARN  o.s.b.a.o.j.JpaBaseConfiguration$JpaWebConfiguration - spring.jpa.open-in-view is enabled by default. Therefore, database queries may be performed during view rendering. Explicitly configure spring.jpa.open-in-view to disable this warning
2023-Feb-03 09:26:10 [restartedMain] INFO  o.s.b.d.a.OptionalLiveReloadServer                 - LiveReload server is running on port 35729
2023-Feb-03 09:26:10 [restartedMain] INFO  o.a.c.h.Http11NioProtocol                          - Starting ProtocolHandler ["http-nio-8080"]
2023-Feb-03 09:26:10 [restartedMain] INFO  o.s.b.w.e.t.TomcatWebServer                        - Tomcat started on port(s): 8080 (http) with context path ''
2023-Feb-03 09:26:10 [restartedMain] INFO  c.P.M.PracticeManagementApplication                - Started PracticeManagementApplication in 4.778 seconds (process running for 6.125)
2023-Feb-03 09:26:17 [http-nio-8080-exec-1] INFO  o.a.c.c.C.[.[.[/]                                  - Initializing Spring DispatcherServlet 'dispatcherServlet'
2023-Feb-03 09:26:17 [http-nio-8080-exec-1] INFO  o.s.w.s.DispatcherServlet                          - Initializing Servlet 'dispatcherServlet'
2023-Feb-03 09:26:17 [http-nio-8080-exec-1] INFO  o.s.w.s.DispatcherServlet                          - Completed initialization in 2 ms
2023-Feb-03 09:26:17 [http-nio-8080-exec-1] INFO  c.P.M.c.DoctorController                           - Đang đọc dữ liệu từ file .csv
2023-Feb-03 09:26:17 [http-nio-8080-exec-1] INFO  c.P.M.c.DoctorController                           - Kiểm tra dữ liệu có phù hợp không.
2023-Feb-03 09:26:17 [http-nio-8080-exec-1] INFO  c.P.M.c.DoctorController                           - Dữ liệu hợp lệ.
2023-Feb-03 09:26:17 [http-nio-8080-exec-1] INFO  c.P.M.c.DoctorController                           - Dữ liệu đã được lưu.
2023-Feb-03 09:26:33 [http-nio-8080-exec-3] INFO  c.P.M.c.DoctorController                           - Đang đọc dữ liệu từ file .csv
2023-Feb-03 09:26:33 [http-nio-8080-exec-3] INFO  c.P.M.c.DoctorController                           - Kiểm tra dữ liệu có phù hợp không.
2023-Feb-03 09:26:33 [http-nio-8080-exec-3] ERROR c.P.M.c.DoctorController                           - Dữ liệu chưa hợp lệ để lưu
2023-Feb-03 09:39:48 [File Watcher] INFO  o.s.b.d.a.LocalDevToolsAutoConfiguration$RestartingClassPathChangeChangedEventListener - Restarting due to 1 class path change (0 additions, 0 deletions, 1 modification)
2023-Feb-03 09:39:48 [Thread-5] INFO  o.a.c.h.Http11NioProtocol                          - Pausing ProtocolHandler ["http-nio-8080"]
2023-Feb-03 09:39:48 [Thread-5] INFO  o.a.c.c.StandardService                            - Stopping service [Tomcat]
2023-Feb-03 09:39:48 [Thread-5] INFO  o.a.c.c.C.[.[.[/]                                  - Destroying Spring FrameworkServlet 'dispatcherServlet'
2023-Feb-03 09:39:48 [Thread-5] INFO  o.a.c.h.Http11NioProtocol                          - Stopping ProtocolHandler ["http-nio-8080"]
2023-Feb-03 09:39:48 [Thread-5] INFO  o.a.c.h.Http11NioProtocol                          - Destroying ProtocolHandler ["http-nio-8080"]
2023-Feb-03 09:39:48 [Thread-5] INFO  o.s.o.j.LocalContainerEntityManagerFactoryBean     - Closing JPA EntityManagerFactory for persistence unit 'default'
2023-Feb-03 09:39:48 [Thread-5] INFO  c.z.h.HikariDataSource                             - HikariPool-1 - Shutdown initiated...
2023-Feb-03 09:39:48 [Thread-5] INFO  c.z.h.HikariDataSource                             - HikariPool-1 - Shutdown completed.
2023-Feb-03 09:39:48 [restartedMain] INFO  c.P.M.PracticeManagementApplication                - Starting PracticeManagementApplication using Java 17.0.5 with PID 20700 (C:\Users\Minht\git\PracticeManagement-\PracticeManagement\target\classes started by Minht in C:\Users\Minht\git\PracticeManagement-\PracticeManagement)
2023-Feb-03 09:39:48 [restartedMain] INFO  c.P.M.PracticeManagementApplication                - No active profile set, falling back to 1 default profile: "default"
2023-Feb-03 09:39:48 [restartedMain] INFO  o.s.d.r.c.RepositoryConfigurationDelegate          - Multiple Spring Data modules found, entering strict repository configuration mode
2023-Feb-03 09:39:48 [restartedMain] INFO  o.s.d.r.c.RepositoryConfigurationDelegate          - Bootstrapping Spring Data JDBC repositories in DEFAULT mode.
2023-Feb-03 09:39:48 [restartedMain] INFO  o.s.d.r.c.RepositoryConfigurationDelegate          - Finished Spring Data repository scanning in 12 ms. Found 0 JDBC repository interfaces.
2023-Feb-03 09:39:48 [restartedMain] INFO  o.s.d.r.c.RepositoryConfigurationDelegate          - Multiple Spring Data modules found, entering strict repository configuration mode
2023-Feb-03 09:39:48 [restartedMain] INFO  o.s.d.r.c.RepositoryConfigurationDelegate          - Bootstrapping Spring Data JPA repositories in DEFAULT mode.
2023-Feb-03 09:39:48 [restartedMain] INFO  o.s.d.r.c.RepositoryConfigurationDelegate          - Finished Spring Data repository scanning in 3 ms. Found 0 JPA repository interfaces.
2023-Feb-03 09:39:48 [restartedMain] INFO  o.s.b.w.e.t.TomcatWebServer                        - Tomcat initialized with port(s): 8080 (http)
2023-Feb-03 09:39:48 [restartedMain] INFO  o.a.c.h.Http11NioProtocol                          - Initializing ProtocolHandler ["http-nio-8080"]
2023-Feb-03 09:39:48 [restartedMain] INFO  o.a.c.c.StandardService                            - Starting service [Tomcat]
2023-Feb-03 09:39:48 [restartedMain] INFO  o.a.c.c.StandardEngine                             - Starting Servlet engine: [Apache Tomcat/10.1.4]
2023-Feb-03 09:39:48 [restartedMain] INFO  o.a.c.c.C.[.[.[/]                                  - Initializing Spring embedded WebApplicationContext
2023-Feb-03 09:39:48 [restartedMain] INFO  o.s.b.w.s.c.ServletWebServerApplicationContext     - Root WebApplicationContext: initialization completed in 452 ms
2023-Feb-03 09:39:48 [restartedMain] INFO  c.z.h.HikariDataSource                             - HikariPool-2 - Starting...
2023-Feb-03 09:39:48 [restartedMain] INFO  c.z.h.p.HikariPool                                 - HikariPool-2 - Added connection org.postgresql.jdbc.PgConnection@741791a1
2023-Feb-03 09:39:48 [restartedMain] INFO  c.z.h.HikariDataSource                             - HikariPool-2 - Start completed.
2023-Feb-03 09:39:48 [restartedMain] INFO  o.h.j.i.u.LogHelper                                - HHH000204: Processing PersistenceUnitInfo [name: default]
2023-Feb-03 09:39:48 [restartedMain] WARN  o.h.o.deprecation                                  - HHH90000021: Encountered deprecated setting [javax.persistence.sharedCache.mode], use [jakarta.persistence.sharedCache.mode] instead
2023-Feb-03 09:39:48 [restartedMain] INFO  SQL dialect                                        - HHH000400: Using dialect: org.hibernate.dialect.PostgreSQLDialect
2023-Feb-03 09:39:48 [restartedMain] INFO  o.h.e.t.j.p.i.JtaPlatformInitiator                 - HHH000490: Using JtaPlatform implementation: [org.hibernate.engine.transaction.jta.platform.internal.NoJtaPlatform]
2023-Feb-03 09:39:48 [restartedMain] INFO  o.s.o.j.LocalContainerEntityManagerFactoryBean     - Initialized JPA EntityManagerFactory for persistence unit 'default'
2023-Feb-03 09:39:49 [restartedMain] WARN  o.s.b.a.o.j.JpaBaseConfiguration$JpaWebConfiguration - spring.jpa.open-in-view is enabled by default. Therefore, database queries may be performed during view rendering. Explicitly configure spring.jpa.open-in-view to disable this warning
2023-Feb-03 09:39:49 [restartedMain] INFO  o.s.b.d.a.OptionalLiveReloadServer                 - LiveReload server is running on port 35729
2023-Feb-03 09:39:49 [restartedMain] INFO  o.a.c.h.Http11NioProtocol                          - Starting ProtocolHandler ["http-nio-8080"]
2023-Feb-03 09:39:49 [restartedMain] INFO  o.s.b.w.e.t.TomcatWebServer                        - Tomcat started on port(s): 8080 (http) with context path ''
2023-Feb-03 09:39:49 [restartedMain] INFO  c.P.M.PracticeManagementApplication                - Started PracticeManagementApplication in 1.083 seconds (process running for 825.194)
2023-Feb-03 09:39:49 [restartedMain] INFO  o.s.b.d.a.ConditionEvaluationDeltaLoggingListener  - Condition evaluation unchanged
2023-Feb-03 09:39:57 [http-nio-8080-exec-2] INFO  o.a.c.c.C.[.[.[/]                                  - Initializing Spring DispatcherServlet 'dispatcherServlet'
2023-Feb-03 09:39:57 [http-nio-8080-exec-2] INFO  o.s.w.s.DispatcherServlet                          - Initializing Servlet 'dispatcherServlet'
2023-Feb-03 09:39:57 [http-nio-8080-exec-2] INFO  o.s.w.s.DispatcherServlet                          - Completed initialization in 1 ms
2023-Feb-03 09:39:57 [http-nio-8080-exec-2] INFO  c.P.M.c.DoctorController                           - Đang đọc dữ liệu từ file .csv
2023-Feb-03 09:39:57 [http-nio-8080-exec-2] INFO  c.P.M.c.DoctorController                           - Kiểm tra dữ liệu có phù hợp không.
2023-Feb-03 09:39:57 [http-nio-8080-exec-2] INFO  c.P.M.c.DoctorController                           - Dữ liệu hợp lệ.
2023-Feb-03 09:39:57 [http-nio-8080-exec-2] INFO  c.P.M.c.DoctorController                           - Dữ liệu đã được lưu.
2023-Feb-03 09:41:10 [File Watcher] INFO  o.s.b.d.a.LocalDevToolsAutoConfiguration$RestartingClassPathChangeChangedEventListener - Restarting due to 1 class path change (0 additions, 0 deletions, 1 modification)
2023-Feb-03 09:41:10 [Thread-7] INFO  o.a.c.h.Http11NioProtocol                          - Pausing ProtocolHandler ["http-nio-8080"]
2023-Feb-03 09:41:10 [Thread-7] INFO  o.a.c.c.StandardService                            - Stopping service [Tomcat]
2023-Feb-03 09:41:10 [Thread-7] INFO  o.a.c.c.C.[.[.[/]                                  - Destroying Spring FrameworkServlet 'dispatcherServlet'
2023-Feb-03 09:41:10 [Thread-7] INFO  o.a.c.h.Http11NioProtocol                          - Stopping ProtocolHandler ["http-nio-8080"]
2023-Feb-03 09:41:10 [Thread-7] INFO  o.a.c.h.Http11NioProtocol                          - Destroying ProtocolHandler ["http-nio-8080"]
2023-Feb-03 09:41:10 [Thread-7] INFO  o.s.o.j.LocalContainerEntityManagerFactoryBean     - Closing JPA EntityManagerFactory for persistence unit 'default'
2023-Feb-03 09:41:10 [Thread-7] INFO  c.z.h.HikariDataSource                             - HikariPool-2 - Shutdown initiated...
2023-Feb-03 09:41:10 [Thread-7] INFO  c.z.h.HikariDataSource                             - HikariPool-2 - Shutdown completed.
2023-Feb-03 09:41:10 [restartedMain] INFO  c.P.M.PracticeManagementApplication                - Starting PracticeManagementApplication using Java 17.0.5 with PID 20700 (C:\Users\Minht\git\PracticeManagement-\PracticeManagement\target\classes started by Minht in C:\Users\Minht\git\PracticeManagement-\PracticeManagement)
2023-Feb-03 09:41:10 [restartedMain] INFO  c.P.M.PracticeManagementApplication                - No active profile set, falling back to 1 default profile: "default"
2023-Feb-03 09:41:10 [restartedMain] INFO  o.s.d.r.c.RepositoryConfigurationDelegate          - Multiple Spring Data modules found, entering strict repository configuration mode
2023-Feb-03 09:41:10 [restartedMain] INFO  o.s.d.r.c.RepositoryConfigurationDelegate          - Bootstrapping Spring Data JDBC repositories in DEFAULT mode.
2023-Feb-03 09:41:10 [restartedMain] INFO  o.s.d.r.c.RepositoryConfigurationDelegate          - Finished Spring Data repository scanning in 12 ms. Found 0 JDBC repository interfaces.
2023-Feb-03 09:41:10 [restartedMain] INFO  o.s.d.r.c.RepositoryConfigurationDelegate          - Multiple Spring Data modules found, entering strict repository configuration mode
2023-Feb-03 09:41:10 [restartedMain] INFO  o.s.d.r.c.RepositoryConfigurationDelegate          - Bootstrapping Spring Data JPA repositories in DEFAULT mode.
2023-Feb-03 09:41:10 [restartedMain] INFO  o.s.d.r.c.RepositoryConfigurationDelegate          - Finished Spring Data repository scanning in 3 ms. Found 0 JPA repository interfaces.
2023-Feb-03 09:41:10 [restartedMain] INFO  o.s.b.w.e.t.TomcatWebServer                        - Tomcat initialized with port(s): 8080 (http)
2023-Feb-03 09:41:10 [restartedMain] INFO  o.a.c.h.Http11NioProtocol                          - Initializing ProtocolHandler ["http-nio-8080"]
2023-Feb-03 09:41:10 [restartedMain] INFO  o.a.c.c.StandardService                            - Starting service [Tomcat]
2023-Feb-03 09:41:10 [restartedMain] INFO  o.a.c.c.StandardEngine                             - Starting Servlet engine: [Apache Tomcat/10.1.4]
2023-Feb-03 09:41:10 [restartedMain] INFO  o.a.c.c.C.[.[.[/]                                  - Initializing Spring embedded WebApplicationContext
2023-Feb-03 09:41:10 [restartedMain] INFO  o.s.b.w.s.c.ServletWebServerApplicationContext     - Root WebApplicationContext: initialization completed in 370 ms
2023-Feb-03 09:41:10 [restartedMain] INFO  c.z.h.HikariDataSource                             - HikariPool-3 - Starting...
2023-Feb-03 09:41:10 [restartedMain] INFO  c.z.h.p.HikariPool                                 - HikariPool-3 - Added connection org.postgresql.jdbc.PgConnection@2027a523
2023-Feb-03 09:41:10 [restartedMain] INFO  c.z.h.HikariDataSource                             - HikariPool-3 - Start completed.
2023-Feb-03 09:41:10 [restartedMain] INFO  o.h.j.i.u.LogHelper                                - HHH000204: Processing PersistenceUnitInfo [name: default]
2023-Feb-03 09:41:10 [restartedMain] WARN  o.h.o.deprecation                                  - HHH90000021: Encountered deprecated setting [javax.persistence.sharedCache.mode], use [jakarta.persistence.sharedCache.mode] instead
2023-Feb-03 09:41:10 [restartedMain] INFO  SQL dialect                                        - HHH000400: Using dialect: org.hibernate.dialect.PostgreSQLDialect
2023-Feb-03 09:41:10 [restartedMain] INFO  o.h.e.t.j.p.i.JtaPlatformInitiator                 - HHH000490: Using JtaPlatform implementation: [org.hibernate.engine.transaction.jta.platform.internal.NoJtaPlatform]
2023-Feb-03 09:41:10 [restartedMain] INFO  o.s.o.j.LocalContainerEntityManagerFactoryBean     - Initialized JPA EntityManagerFactory for persistence unit 'default'
2023-Feb-03 09:41:10 [restartedMain] WARN  o.s.b.a.o.j.JpaBaseConfiguration$JpaWebConfiguration - spring.jpa.open-in-view is enabled by default. Therefore, database queries may be performed during view rendering. Explicitly configure spring.jpa.open-in-view to disable this warning
2023-Feb-03 09:41:11 [restartedMain] INFO  o.s.b.d.a.OptionalLiveReloadServer                 - LiveReload server is running on port 35729
2023-Feb-03 09:41:11 [restartedMain] INFO  o.a.c.h.Http11NioProtocol                          - Starting ProtocolHandler ["http-nio-8080"]
2023-Feb-03 09:41:11 [restartedMain] INFO  o.s.b.w.e.t.TomcatWebServer                        - Tomcat started on port(s): 8080 (http) with context path ''
2023-Feb-03 09:41:11 [restartedMain] INFO  c.P.M.PracticeManagementApplication                - Started PracticeManagementApplication in 0.904 seconds (process running for 907.038)
2023-Feb-03 09:41:11 [restartedMain] INFO  o.s.b.d.a.ConditionEvaluationDeltaLoggingListener  - Condition evaluation unchanged
2023-Feb-03 09:41:27 [File Watcher] INFO  o.s.b.d.a.LocalDevToolsAutoConfiguration$RestartingClassPathChangeChangedEventListener - Restarting due to 1 class path change (0 additions, 0 deletions, 1 modification)
2023-Feb-03 09:41:27 [Thread-11] INFO  o.a.c.h.Http11NioProtocol                          - Pausing ProtocolHandler ["http-nio-8080"]
2023-Feb-03 09:41:27 [Thread-11] INFO  o.a.c.c.StandardService                            - Stopping service [Tomcat]
2023-Feb-03 09:41:27 [Thread-11] INFO  o.a.c.h.Http11NioProtocol                          - Stopping ProtocolHandler ["http-nio-8080"]
2023-Feb-03 09:41:27 [Thread-11] INFO  o.a.c.h.Http11NioProtocol                          - Destroying ProtocolHandler ["http-nio-8080"]
2023-Feb-03 09:41:27 [Thread-11] INFO  o.s.o.j.LocalContainerEntityManagerFactoryBean     - Closing JPA EntityManagerFactory for persistence unit 'default'
2023-Feb-03 09:41:27 [Thread-11] INFO  c.z.h.HikariDataSource                             - HikariPool-3 - Shutdown initiated...
2023-Feb-03 09:41:27 [Thread-11] INFO  c.z.h.HikariDataSource                             - HikariPool-3 - Shutdown completed.
2023-Feb-03 09:41:27 [restartedMain] INFO  c.P.M.PracticeManagementApplication                - Starting PracticeManagementApplication using Java 17.0.5 with PID 20700 (C:\Users\Minht\git\PracticeManagement-\PracticeManagement\target\classes started by Minht in C:\Users\Minht\git\PracticeManagement-\PracticeManagement)
2023-Feb-03 09:41:27 [restartedMain] INFO  c.P.M.PracticeManagementApplication                - No active profile set, falling back to 1 default profile: "default"
2023-Feb-03 09:41:27 [restartedMain] INFO  o.s.d.r.c.RepositoryConfigurationDelegate          - Multiple Spring Data modules found, entering strict repository configuration mode
2023-Feb-03 09:41:27 [restartedMain] INFO  o.s.d.r.c.RepositoryConfigurationDelegate          - Bootstrapping Spring Data JDBC repositories in DEFAULT mode.
2023-Feb-03 09:41:27 [restartedMain] INFO  o.s.d.r.c.RepositoryConfigurationDelegate          - Finished Spring Data repository scanning in 10 ms. Found 0 JDBC repository interfaces.
2023-Feb-03 09:41:27 [restartedMain] INFO  o.s.d.r.c.RepositoryConfigurationDelegate          - Multiple Spring Data modules found, entering strict repository configuration mode
2023-Feb-03 09:41:27 [restartedMain] INFO  o.s.d.r.c.RepositoryConfigurationDelegate          - Bootstrapping Spring Data JPA repositories in DEFAULT mode.
2023-Feb-03 09:41:27 [restartedMain] INFO  o.s.d.r.c.RepositoryConfigurationDelegate          - Finished Spring Data repository scanning in 3 ms. Found 0 JPA repository interfaces.
2023-Feb-03 09:41:27 [restartedMain] INFO  o.s.b.w.e.t.TomcatWebServer                        - Tomcat initialized with port(s): 8080 (http)
2023-Feb-03 09:41:27 [restartedMain] INFO  o.a.c.h.Http11NioProtocol                          - Initializing ProtocolHandler ["http-nio-8080"]
2023-Feb-03 09:41:27 [restartedMain] INFO  o.a.c.c.StandardService                            - Starting service [Tomcat]
2023-Feb-03 09:41:27 [restartedMain] INFO  o.a.c.c.StandardEngine                             - Starting Servlet engine: [Apache Tomcat/10.1.4]
2023-Feb-03 09:41:27 [restartedMain] INFO  o.a.c.c.C.[.[.[/]                                  - Initializing Spring embedded WebApplicationContext
2023-Feb-03 09:41:27 [restartedMain] INFO  o.s.b.w.s.c.ServletWebServerApplicationContext     - Root WebApplicationContext: initialization completed in 358 ms
2023-Feb-03 09:41:27 [restartedMain] INFO  c.z.h.HikariDataSource                             - HikariPool-4 - Starting...
2023-Feb-03 09:41:27 [restartedMain] INFO  c.z.h.p.HikariPool                                 - HikariPool-4 - Added connection org.postgresql.jdbc.PgConnection@2a9d04aa
2023-Feb-03 09:41:27 [restartedMain] INFO  c.z.h.HikariDataSource                             - HikariPool-4 - Start completed.
2023-Feb-03 09:41:27 [restartedMain] INFO  o.h.j.i.u.LogHelper                                - HHH000204: Processing PersistenceUnitInfo [name: default]
2023-Feb-03 09:41:27 [restartedMain] WARN  o.h.o.deprecation                                  - HHH90000021: Encountered deprecated setting [javax.persistence.sharedCache.mode], use [jakarta.persistence.sharedCache.mode] instead
2023-Feb-03 09:41:27 [restartedMain] INFO  SQL dialect                                        - HHH000400: Using dialect: org.hibernate.dialect.PostgreSQLDialect
2023-Feb-03 09:41:27 [restartedMain] INFO  o.h.e.t.j.p.i.JtaPlatformInitiator                 - HHH000490: Using JtaPlatform implementation: [org.hibernate.engine.transaction.jta.platform.internal.NoJtaPlatform]
2023-Feb-03 09:41:27 [restartedMain] INFO  o.s.o.j.LocalContainerEntityManagerFactoryBean     - Initialized JPA EntityManagerFactory for persistence unit 'default'
2023-Feb-03 09:41:27 [restartedMain] WARN  o.s.b.a.o.j.JpaBaseConfiguration$JpaWebConfiguration - spring.jpa.open-in-view is enabled by default. Therefore, database queries may be performed during view rendering. Explicitly configure spring.jpa.open-in-view to disable this warning
2023-Feb-03 09:41:28 [restartedMain] INFO  o.s.b.d.a.OptionalLiveReloadServer                 - LiveReload server is running on port 35729
2023-Feb-03 09:41:28 [restartedMain] INFO  o.a.c.h.Http11NioProtocol                          - Starting ProtocolHandler ["http-nio-8080"]
2023-Feb-03 09:41:28 [restartedMain] INFO  o.s.b.w.e.t.TomcatWebServer                        - Tomcat started on port(s): 8080 (http) with context path ''
2023-Feb-03 09:41:28 [restartedMain] INFO  c.P.M.PracticeManagementApplication                - Started PracticeManagementApplication in 0.858 seconds (process running for 924.028)
2023-Feb-03 09:41:28 [restartedMain] INFO  o.s.b.d.a.ConditionEvaluationDeltaLoggingListener  - Condition evaluation unchanged
2023-Feb-03 09:42:02 [RMI TCP Connection(31)-127.0.0.1] INFO  o.s.b.a.SpringApplicationAdminMXBeanRegistrar$SpringApplicationAdmin - Application shutdown requested.
2023-Feb-03 09:42:02 [RMI TCP Connection(31)-127.0.0.1] INFO  o.a.c.h.Http11NioProtocol                          - Pausing ProtocolHandler ["http-nio-8080"]
2023-Feb-03 09:42:02 [RMI TCP Connection(31)-127.0.0.1] INFO  o.a.c.c.StandardService                            - Stopping service [Tomcat]
2023-Feb-03 09:42:02 [RMI TCP Connection(31)-127.0.0.1] INFO  o.a.c.h.Http11NioProtocol                          - Stopping ProtocolHandler ["http-nio-8080"]
2023-Feb-03 09:42:02 [RMI TCP Connection(31)-127.0.0.1] INFO  o.a.c.h.Http11NioProtocol                          - Destroying ProtocolHandler ["http-nio-8080"]
2023-Feb-03 09:42:02 [RMI TCP Connection(31)-127.0.0.1] INFO  o.s.o.j.LocalContainerEntityManagerFactoryBean     - Closing JPA EntityManagerFactory for persistence unit 'default'
2023-Feb-03 09:42:02 [RMI TCP Connection(31)-127.0.0.1] INFO  c.z.h.HikariDataSource                             - HikariPool-4 - Shutdown initiated...
2023-Feb-03 09:42:02 [RMI TCP Connection(31)-127.0.0.1] INFO  c.z.h.HikariDataSource                             - HikariPool-4 - Shutdown completed.
